<?xml version="1.0" encoding="UTF-8"?>
<Site BuildName="(empty)"
	BuildStamp="20240727-1240-Experimental"
	Name="ahmed-IdeaPad-5-15ITL05"
	Generator="ctest-3.16.3"
	CompilerName="/usr/bin/c++"
	CompilerVersion="9.4.0"
	OSName="Linux"
	Hostname="ahmed-IdeaPad-5-15ITL05"
	OSRelease="5.15.0-117-generic"
	OSVersion="#127~20.04.1-Ubuntu SMP Thu Jul 11 15:36:12 UTC 2024"
	OSPlatform="x86_64"
	Is64Bits="1"
	VendorString="GenuineIntel"
	VendorID="Intel Corporation"
	FamilyID="6"
	ModelID="140"
	ProcessorCacheSize="12288"
	NumberOfLogicalCPU="8"
	NumberOfPhysicalCPU="4"
	TotalVirtualMemory="2047"
	TotalPhysicalMemory="15773"
	LogicalProcessorsPerPhysical="2"
	ProcessorClockFrequency="2709.15"
	>
	<Testing>
		<StartDateTime>Jul 28 01:23 EEST</StartDateTime>
		<StartTestTime>1722119002</StartTestTime>
		<TestList/>
		<EndDateTime>Jul 28 01:23 EEST</EndDateTime>
		<EndTestTime>1722119002</EndTestTime>
		<ElapsedMinutes>0</ElapsedMinutes>
	</Testing>
</Site>
